
> web@0.1.0 build /Users/aiseosauyi-idahor/Desktop/Development/Nexus/apps/web
> next build

▲ Next.js 16.2.1 (Turbopack)
- Environments: .env.local

⚠ The "middleware" file convention is deprecated. Please use "proxy" instead. Learn more: https://nextjs.org/docs/messages/middleware-to-proxy
  Creating an optimized production build ...
✓ Compiled successfully in 3.6s
  Running TypeScript ...
  Finished TypeScript in 4.3s ...
  Collecting page data using 9 workers ...
  Generating static pages using 9 workers (0/9) ...
  Generating static pages using 9 workers (2/9) 
  Generating static pages using 9 workers (4/9) 
  Generating static pages using 9 workers (6/9) 
✓ Generating static pages using 9 workers (9/9) in 197ms
  Finalizing page optimization ...

Route (app)
┌ ○ /
├ ○ /_not-found
├ ƒ /accept-invite
├ ƒ /api/ai/generate
├ ƒ /dashboard
├ ƒ /invite/[token]
├ ○ /login
├ ƒ /p/[node_id]
├ ○ /signup
├ ƒ /w/[workspace_slug]/calendar
├ ƒ /w/[workspace_slug]/dashboard
├ ƒ /w/[workspace_slug]/get-started
├ ƒ /w/[workspace_slug]/get-started/[article_id]
├ ƒ /w/[workspace_slug]/n/[node_id]
├ ƒ /w/[workspace_slug]/settings
├ ƒ /w/[workspace_slug]/t/[teamspace_id]
└ ƒ /w/[workspace_slug]/updates


ƒ Proxy (Middleware)

○  (Static)   prerendered as static content
ƒ  (Dynamic)  server-rendered on demand

